2020-10-14 23:42:43,055:INFO:--- Initialize Spreadsheet [in mas.py:20]
2020-10-14 23:42:55,722:INFO:--- Initialize Google Drive [in mas.py:24]
2020-10-14 23:42:57,222:INFO:--- Initialize Zoom [in mas.py:32]
2020-10-14 23:42:59,379:INFO:--- Setup Zoom [in /mnt/g/work/lior/zoom.py:141]
2020-10-14 23:42:59,379:INFO:--- list all recordings [in /mnt/g/work/lior/zoom.py:248]
2020-10-14 23:43:18,758:INFO:---- Download from zoom cloud recordings and upload them to Google Drive [in /mnt/g/work/lior/zoom.py:507]
2020-10-14 23:43:26,748:INFO:*** before uploading in meeting 95630890541, topic Q4-POP512-1B-Short & Sweet created folder POP512 Oct 14 2020 id: 1He-zTjAN6zjkZzxQNVyL8Xftiwx7nPKm file Q4-POP512-1B-Short & Sweet Gallery View [in /mnt/g/work/lior/zoom.py:492]
2020-10-14 23:46:15,008:INFO:--- Initialize Spreadsheet [in mas.py:20]
2020-10-14 23:46:25,426:INFO:--- Initialize Google Drive [in mas.py:24]
2020-10-14 23:46:26,836:INFO:--- Initialize Zoom [in mas.py:32]
2020-10-14 23:46:28,422:INFO:--- Setup Zoom [in /mnt/g/work/lior/zoom.py:141]
2020-10-14 23:46:28,422:INFO:--- list all recordings [in /mnt/g/work/lior/zoom.py:248]
2020-10-14 23:46:43,964:INFO:---- Download from zoom cloud recordings and upload them to Google Drive [in /mnt/g/work/lior/zoom.py:507]
2020-10-14 23:46:56,530:INFO:*** before uploading in meeting 95630890541, topic Q4-POP512-1B-Short & Sweet created folder POP512 Oct 14 2020 id: 1He-zTjAN6zjkZzxQNVyL8Xftiwx7nPKm file Q4-POP512-1B-Short & Sweet Chat File [in /mnt/g/work/lior/zoom.py:492]
2020-10-14 23:46:58,321:INFO:**** uploaded file Q4-POP512-1B-Short & Sweet Chat File.txt in drive folder_id 1He-zTjAN6zjkZzxQNVyL8Xftiwx7nPKm [in /mnt/g/work/lior/drive.py:149]
2020-10-14 23:46:58,496:INFO:--- delete meeting after uploading 93zAt2buTW6nLCvZe27qVg== [in /mnt/g/work/lior/zoom.py:365]
2020-10-14 23:46:58,497:INFO:--- update the meeting_upload_status table 93zAt2buTW6nLCvZe27qVg== [in /mnt/g/work/lior/zoom.py:382]
2020-10-14 23:49:47,044:INFO:--- Initialize Spreadsheet [in mas.py:20]
2020-10-14 23:50:10,376:INFO:--- Initialize Google Drive [in mas.py:24]
2020-10-14 23:50:16,869:INFO:--- Initialize Zoom [in mas.py:32]
2020-10-14 23:50:18,580:INFO:--- Setup Zoom [in /mnt/g/work/lior/zoom.py:141]
2020-10-14 23:50:18,581:INFO:--- list all recordings [in /mnt/g/work/lior/zoom.py:248]
2020-10-14 23:50:44,370:INFO:---- Download from zoom cloud recordings and upload them to Google Drive [in /mnt/g/work/lior/zoom.py:507]
2020-10-14 23:50:51,520:INFO:*** before uploading in meeting 95630890541, topic Q4-POP512-1B-Short & Sweet created folder POP512 Oct 14 2020 id: 1He-zTjAN6zjkZzxQNVyL8Xftiwx7nPKm file Q4-POP512-1B-Short & Sweet Chat File [in /mnt/g/work/lior/zoom.py:492]
2020-10-14 23:50:53,866:INFO:**** uploaded file Q4-POP512-1B-Short & Sweet Chat File.txt in drive folder_id 1He-zTjAN6zjkZzxQNVyL8Xftiwx7nPKm [in /mnt/g/work/lior/drive.py:149]
2020-10-14 23:50:53,993:INFO:--- delete meeting after uploading 93zAt2buTW6nLCvZe27qVg== [in /mnt/g/work/lior/zoom.py:365]
2020-10-14 23:50:53,993:INFO:--- update the meeting_upload_status table 93zAt2buTW6nLCvZe27qVg== [in /mnt/g/work/lior/zoom.py:382]
2020-10-14 23:50:53,994:WARNING:'module' object is not callable [in /mnt/g/work/lior/zoom.py:341]
2020-10-14 23:57:56,760:INFO:--- Initialize Spreadsheet [in mas.py:20]
2020-10-14 23:58:07,889:INFO:--- Initialize Google Drive [in mas.py:24]
2020-10-14 23:58:10,044:INFO:--- Initialize Zoom [in mas.py:32]
2020-10-14 23:58:16,675:INFO:--- Setup Zoom [in /mnt/g/work/lior/zoom.py:141]
2020-10-14 23:58:16,676:INFO:--- list all recordings [in /mnt/g/work/lior/zoom.py:248]
2020-10-14 23:58:33,775:INFO:---- Download from zoom cloud recordings and upload them to Google Drive [in /mnt/g/work/lior/zoom.py:507]
2020-10-14 23:58:40,108:INFO:*** before uploading in meeting 95224881151, topic Q4-POP540-2B-Portfolio Development created folder POP540 Oct 14 2020 id: 1uzC_MgvEz-oXT_hrxosm1xnG0YWnJ9Au file Q4-POP540-2B-Portfolio Development Active Speaker [in /mnt/g/work/lior/zoom.py:492]
2020-10-14 23:58:45,456:INFO:**** uploaded file Q4-POP540-2B-Portfolio Development Active Speaker.mp4 in drive folder_id 1uzC_MgvEz-oXT_hrxosm1xnG0YWnJ9Au [in /mnt/g/work/lior/drive.py:149]
2020-10-14 23:58:46,752:INFO:*** before uploading in meeting 95224881151, topic Q4-POP540-2B-Portfolio Development created folder POP540 Oct 14 2020 id: 1uzC_MgvEz-oXT_hrxosm1xnG0YWnJ9Au file Q4-POP540-2B-Portfolio Development Audio Only [in /mnt/g/work/lior/zoom.py:492]
2020-10-14 23:58:48,296:INFO:**** uploaded file Q4-POP540-2B-Portfolio Development Audio Only.m4a in drive folder_id 1uzC_MgvEz-oXT_hrxosm1xnG0YWnJ9Au [in /mnt/g/work/lior/drive.py:149]
2020-10-14 23:58:49,379:INFO:--- delete meeting after uploading f3eXW87RSJOQ7eH9/irpKw== [in /mnt/g/work/lior/zoom.py:365]
2020-10-14 23:58:49,666:INFO:--- update the meeting_upload_status table f3eXW87RSJOQ7eH9/irpKw== [in /mnt/g/work/lior/zoom.py:382]
2020-10-14 23:58:52,842:INFO:*** before uploading in meeting 95224881151, topic Q4-POP540-2B-Portfolio Development created folder POP540 Oct 14 2020 id: 1uzC_MgvEz-oXT_hrxosm1xnG0YWnJ9Au file Q4-POP540-2B-Portfolio Development Active Speaker [in /mnt/g/work/lior/zoom.py:492]
2020-10-14 23:58:56,198:INFO:**** uploaded file Q4-POP540-2B-Portfolio Development Active Speaker.mp4 in drive folder_id 1uzC_MgvEz-oXT_hrxosm1xnG0YWnJ9Au [in /mnt/g/work/lior/drive.py:149]
2020-10-14 23:58:57,552:INFO:*** before uploading in meeting 95224881151, topic Q4-POP540-2B-Portfolio Development created folder POP540 Oct 14 2020 id: 1uzC_MgvEz-oXT_hrxosm1xnG0YWnJ9Au file Q4-POP540-2B-Portfolio Development Audio Only [in /mnt/g/work/lior/zoom.py:492]
2020-10-14 23:58:59,663:INFO:**** uploaded file Q4-POP540-2B-Portfolio Development Audio Only.m4a in drive folder_id 1uzC_MgvEz-oXT_hrxosm1xnG0YWnJ9Au [in /mnt/g/work/lior/drive.py:149]
2020-10-14 23:59:01,495:INFO:--- delete meeting after uploading qvR/2UguSjievftP7fbb0A== [in /mnt/g/work/lior/zoom.py:365]
2020-10-14 23:59:01,798:INFO:--- update the meeting_upload_status table qvR/2UguSjievftP7fbb0A== [in /mnt/g/work/lior/zoom.py:382]
2020-10-14 23:59:03,932:INFO:*** before uploading in meeting 95630890541, topic Q4-POP512-1B-Short & Sweet created folder POP512 Oct 14 2020 id: 1He-zTjAN6zjkZzxQNVyL8Xftiwx7nPKm file Q4-POP512-1B-Short & Sweet Active Speaker [in /mnt/g/work/lior/zoom.py:492]
2020-10-14 23:59:06,109:INFO:**** uploaded file Q4-POP512-1B-Short & Sweet Active Speaker.mp4 in drive folder_id 1He-zTjAN6zjkZzxQNVyL8Xftiwx7nPKm [in /mnt/g/work/lior/drive.py:149]
2020-10-14 23:59:07,464:INFO:*** before uploading in meeting 95630890541, topic Q4-POP512-1B-Short & Sweet created folder POP512 Oct 14 2020 id: 1He-zTjAN6zjkZzxQNVyL8Xftiwx7nPKm file Q4-POP512-1B-Short & Sweet Audio Only [in /mnt/g/work/lior/zoom.py:492]
2020-10-14 23:59:09,158:INFO:**** uploaded file Q4-POP512-1B-Short & Sweet Audio Only.m4a in drive folder_id 1He-zTjAN6zjkZzxQNVyL8Xftiwx7nPKm [in /mnt/g/work/lior/drive.py:149]
2020-10-14 23:59:10,168:INFO:--- delete meeting after uploading 7oqY+V0HSG+uimzbt5qvbw== [in /mnt/g/work/lior/zoom.py:365]
2020-10-14 23:59:10,473:INFO:--- update the meeting_upload_status table 7oqY+V0HSG+uimzbt5qvbw== [in /mnt/g/work/lior/zoom.py:382]
2020-10-14 23:59:13,434:INFO:*** before uploading in meeting 95630890541, topic Q4-POP512-1B-Short & Sweet created folder POP512 Oct 14 2020 id: 1He-zTjAN6zjkZzxQNVyL8Xftiwx7nPKm file Q4-POP512-1B-Short & Sweet Audio Only [in /mnt/g/work/lior/zoom.py:492]
2020-10-14 23:59:15,190:INFO:**** uploaded file Q4-POP512-1B-Short & Sweet Audio Only.m4a in drive folder_id 1He-zTjAN6zjkZzxQNVyL8Xftiwx7nPKm [in /mnt/g/work/lior/drive.py:149]
2020-10-14 23:59:19,193:INFO:*** before uploading in meeting 95630890541, topic Q4-POP512-1B-Short & Sweet created folder POP512 Oct 14 2020 id: 1He-zTjAN6zjkZzxQNVyL8Xftiwx7nPKm file Q4-POP512-1B-Short & Sweet Active Speaker [in /mnt/g/work/lior/zoom.py:492]
2020-10-14 23:59:22,221:INFO:**** uploaded file Q4-POP512-1B-Short & Sweet Active Speaker.mp4 in drive folder_id 1He-zTjAN6zjkZzxQNVyL8Xftiwx7nPKm [in /mnt/g/work/lior/drive.py:149]
2020-10-14 23:59:22,373:INFO:--- delete meeting after uploading tAceKJygQd+1v1DUy9n7cg== [in /mnt/g/work/lior/zoom.py:365]
2020-10-14 23:59:22,694:INFO:--- update the meeting_upload_status table tAceKJygQd+1v1DUy9n7cg== [in /mnt/g/work/lior/zoom.py:382]
2020-10-14 23:59:25,039:INFO:*** before uploading in meeting 97328197312, topic Q4-POP501-4B-Ideas First created folder POP501 Oct 14 2020 id: 1UAd694DpMlZejAGky9d4IKTLX1daqyH6 file Q4-POP501-4B-Ideas First Audio Only [in /mnt/g/work/lior/zoom.py:492]
2020-10-14 23:59:27,392:INFO:**** uploaded file Q4-POP501-4B-Ideas First Audio Only.m4a in drive folder_id 1UAd694DpMlZejAGky9d4IKTLX1daqyH6 [in /mnt/g/work/lior/drive.py:149]
2020-10-14 23:59:31,422:INFO:*** before uploading in meeting 97328197312, topic Q4-POP501-4B-Ideas First created folder POP501 Oct 14 2020 id: 1UAd694DpMlZejAGky9d4IKTLX1daqyH6 file Q4-POP501-4B-Ideas First Active Speaker [in /mnt/g/work/lior/zoom.py:492]
2020-10-14 23:59:46,587:INFO:**** uploaded file Q4-POP501-4B-Ideas First Active Speaker.mp4 in drive folder_id 1UAd694DpMlZejAGky9d4IKTLX1daqyH6 [in /mnt/g/work/lior/drive.py:149]
2020-10-14 23:59:46,671:INFO:--- delete meeting after uploading Cin9Krd3TkGdhFpNOtcSOw== [in /mnt/g/work/lior/zoom.py:365]
2020-10-14 23:59:46,986:INFO:--- update the meeting_upload_status table Cin9Krd3TkGdhFpNOtcSOw== [in /mnt/g/work/lior/zoom.py:382]
2020-10-15 00:20:40,897:INFO:--- list all recordings [in zoom.py:249]
2020-10-15 00:20:57,515:INFO:--- clean tiny recordings [in zoom.py:309]
2020-10-15 00:20:57,820:INFO:*** clear meeting ID: 2020-10-14T23:01:02Z, Topic: POP 534 : BRAND CALLED YOU [in zoom.py:318]
2020-10-15 00:20:58,115:INFO:*** clear meeting ID: 2020-10-14T23:00:26Z, Topic: Q4-POP512-1B-Short & Sweet [in zoom.py:318]
2020-10-15 00:20:58,401:INFO:*** clear meeting ID: 2020-10-14T22:49:52Z, Topic: Planning Bootcamp [in zoom.py:318]
2020-10-15 00:20:58,996:INFO:*** clear meeting ID: 2020-10-14T22:34:56Z, Topic: Strategy Camp #2 [in zoom.py:318]
2020-10-15 00:20:59,765:INFO:*** clear meeting ID: 2020-10-14T22:29:59Z, Topic: Strategy Camp #2 [in zoom.py:318]
2020-10-15 00:21:00,059:INFO:*** clear meeting ID: 2020-10-14T22:27:14Z, Topic: #3 - Photoshop - Alê Coronato [in zoom.py:318]
2020-10-15 00:21:00,362:INFO:*** clear meeting ID: 2020-10-14T22:25:11Z, Topic: #3 - Criação de Produto - Pedro Gravena [in zoom.py:318]
2020-10-15 00:21:00,659:INFO:*** clear meeting ID: 2020-10-14T22:18:24Z, Topic: Q4-POP501-4B-Ideas First [in zoom.py:318]
2020-10-15 00:21:00,955:INFO:*** clear meeting ID: 2020-10-14T22:11:02Z, Topic: #3 - Experiência da Marca - Higo Lopes [in zoom.py:318]
2020-10-15 00:21:01,255:INFO:*** clear meeting ID: 2020-10-14T21:45:51Z, Topic: Q4-POP540-4A-Portfolio Development [in zoom.py:318]
2020-10-15 00:21:01,559:INFO:*** clear meeting ID: 2020-10-14T21:42:19Z, Topic: Miami Ad School - International Competitions [in zoom.py:318]
2020-10-15 00:21:01,861:INFO:*** clear meeting ID: 2020-10-14T21:28:19Z, Topic: Z5 - Gaming [in zoom.py:318]
2020-10-15 00:21:02,146:INFO:*** clear meeting ID: 2020-10-14T21:26:55Z, Topic: Z5 - Gaming [in zoom.py:318]
2020-10-15 00:21:02,434:INFO:*** clear meeting ID: 2020-10-14T20:58:51Z, Topic: Reunião Zoom de Paulo Sergio Quartiermeister [in zoom.py:318]
2020-10-15 00:21:02,735:INFO:*** clear meeting ID: 2020-08-26T21:29:10Z, Topic: Hank Richardson's Personal Meeting Room [in zoom.py:318]
2020-10-15 00:21:03,030:INFO:--- Successfully cleared recordings 15 [in zoom.py:323]
2020-10-15 00:27:55,667:INFO:--- list all recordings [in zoom.py:249]
2020-10-15 00:28:11,747:INFO:--- clean tiny recordings [in zoom.py:309]
2020-10-15 00:28:12,066:INFO:*** clear meeting ID: 2020-10-14T21:45:51Z, Topic: Q4-POP540-4A-Portfolio Development [in zoom.py:318]
2020-10-15 00:28:12,382:INFO:--- Successfully cleared recordings 1 [in zoom.py:323]
2020-10-15 02:05:38,428:INFO:--- Initialize Spreadsheet [in mas.py:20]
2020-10-15 02:05:47,976:INFO:--- Initialize Google Drive [in mas.py:24]
2020-10-15 02:05:49,356:INFO:--- Initialize Zoom [in mas.py:32]
2020-10-15 02:05:51,301:INFO:--- Setup Zoom [in /mnt/g/work/lior/zoom.py:142]
2020-10-15 02:05:51,301:INFO:--- list all recordings [in /mnt/g/work/lior/zoom.py:249]
2020-10-15 02:06:08,123:INFO:---- Download from zoom cloud recordings and upload them to Google Drive [in /mnt/g/work/lior/zoom.py:528]
2020-10-15 02:15:43,144:INFO:*** before uploading in meeting 97651735705, topic Q4-POP540-4A-Portfolio Development created folder POP540 Oct 14 2020 id: 1uzC_MgvEz-oXT_hrxosm1xnG0YWnJ9Au file Q4-POP540-4A-Portfolio Development Audio Only [in /mnt/g/work/lior/zoom.py:513]
2020-10-15 02:15:46,249:INFO:**** uploaded file Q4-POP540-4A-Portfolio Development Audio Only.m4a in drive folder_id 1uzC_MgvEz-oXT_hrxosm1xnG0YWnJ9Au [in /mnt/g/work/lior/drive.py:149]
2020-10-15 02:16:34,184:INFO:*** before uploading in meeting 97651735705, topic Q4-POP540-4A-Portfolio Development created folder POP540 Oct 14 2020 id: 1uzC_MgvEz-oXT_hrxosm1xnG0YWnJ9Au file Q4-POP540-4A-Portfolio Development Active Speaker [in /mnt/g/work/lior/zoom.py:513]
2020-10-15 02:16:48,097:INFO:**** uploaded file Q4-POP540-4A-Portfolio Development Active Speaker.mp4 in drive folder_id 1uzC_MgvEz-oXT_hrxosm1xnG0YWnJ9Au [in /mnt/g/work/lior/drive.py:149]
2020-10-15 02:17:11,452:INFO:--- delete meeting after uploading cw7ssvDIRv2dLdop1kS2WQ== [in /mnt/g/work/lior/zoom.py:384]
2020-10-15 02:17:12,823:INFO:--- update the meeting_upload_status table cw7ssvDIRv2dLdop1kS2WQ== [in /mnt/g/work/lior/zoom.py:401]
